<?xml version="1.0" encoding="UTF-8"?>
<!-- Generated by org.testng.reporters.JUnitReportReporter -->
<testsuite skipped="0" hostname="Admin-PC" name="script.InvalidLogin" tests="2" failures="0" timestamp="19 Aug 2021 14:14:07 GMT" time="34.176" errors="0">
  <testcase name="testInvalidLogin" time="20.481" classname="script.InvalidLogin"/>
  <testcase name="testInvalidLogin" time="13.695" classname="script.InvalidLogin"/>
</testsuite> <!-- script.InvalidLogin -->
