<?xml version="1.0" encoding="UTF-8"?>
<!-- Generated by org.testng.reporters.JUnitReportReporter -->
<testsuite skipped="0" hostname="Admin-PC" name="script.NewTest" tests="1" failures="0" timestamp="18 Aug 2021 13:48:36 GMT" time="6.935" errors="0">
  <testcase name="TestA" time="6.935" classname="script.NewTest"/>
</testsuite> <!-- script.NewTest -->
