<?xml version="1.0" encoding="UTF-8"?>
<!-- Generated by org.testng.reporters.JUnitReportReporter -->
<testsuite skipped="0" hostname="Admin-PC" name="script.NewTest" tests="1" failures="0" timestamp="17 Aug 2021 15:22:08 GMT" time="7.447" errors="0">
  <testcase name="TestA" time="7.447" classname="script.NewTest"/>
</testsuite> <!-- script.NewTest -->
