<?xml version="1.0" encoding="UTF-8"?>
<!-- Generated by org.testng.reporters.JUnitReportReporter -->
<testsuite skipped="0" hostname="Admin-PC" name="script.ValidLogin" tests="2" failures="0" timestamp="19 Aug 2021 14:14:07 GMT" time="51.125" errors="0">
  <testcase name="testValidLogin" time="29.476" classname="script.ValidLogin"/>
  <testcase name="testValidLogin" time="21.649" classname="script.ValidLogin"/>
</testsuite> <!-- script.ValidLogin -->
