<?xml version="1.0" encoding="UTF-8"?>
<!-- Generated by org.testng.reporters.JUnitReportReporter -->
<testsuite skipped="0" hostname="Admin-PC" name="p1.Demo2" tests="1" failures="0" timestamp="16 Aug 2021 14:56:54 GMT" time="29.127" errors="0">
  <testcase name="test" time="29.127" classname="p1.Demo2"/>
</testsuite> <!-- p1.Demo2 -->
