<?xml version="1.0" encoding="UTF-8"?>
<!-- Generated by org.testng.reporters.JUnitReportReporter -->
<testsuite skipped="0" hostname="Admin-PC" name="script.Test1" tests="1" failures="0" timestamp="18 Aug 2021 14:29:02 GMT" time="12.027" errors="0">
  <testcase name="testA" time="12.027" classname="script.Test1"/>
</testsuite> <!-- script.Test1 -->
