<?xml version="1.0" encoding="UTF-8"?>
<!-- Generated by org.testng.reporters.JUnitReportReporter -->
<testsuite skipped="0" hostname="Admin-PC" name="script.Test2" tests="1" failures="0" timestamp="18 Aug 2021 14:29:02 GMT" time="10.747" errors="0">
  <testcase name="testB" time="10.747" classname="script.Test2"/>
</testsuite> <!-- script.Test2 -->
